<?xml version="1.0" encoding="UTF-8"?>
<!-- Generated by org.testng.reporters.JUnitXMLReporter -->
<testsuite ignored="0" hostname="DESKTOP-46UPVCL" failures="0" tests="11" name="Default test" time="56.592" errors="0" timestamp="2021-04-19T08:36:40 IST">
  <testcase classname="Hackathon.CalculateTripCost" name="SetUrl" time="3.624"/>
  <testcase classname="Hackathon.CalculateTripCost" name="SearchDestination" time="6.339"/>
  <testcase classname="Hackathon.CalculateTripCost" name="ClickHolidayHomesButton" time="1.587"/>
  <testcase classname="Hackathon.CalculateTripCost" name="SetDate" time="6.142"/>
  <testcase classname="Hackathon.CalculateTripCost" name="NoOfGuests" time="1.26"/>
  <testcase classname="Hackathon.CalculateTripCost" name="RatingSort" time="5.805"/>
  <testcase classname="Hackathon.CalculateTripCost" name="LiftAccess" time="2.04"/>
  <testcase classname="Hackathon.CalculateTripCost" name="HotelDetails" time="0.955"/>
  <testcase classname="Hackathon.CalculateTripCost" name="GetHotelScreenShots" time="17.147"/>
  <testcase classname="Hackathon.CalculateTripCost" name="SetCruises" time="9.679"/>
  <testcase classname="Hackathon.CalculateTripCost" name="GetCruiseDetails" time="1.907"/>
</testsuite> <!-- Default test -->
