<?xml version="1.0" encoding="UTF-8"?>
<testsuite xmlns:xsi="http://www.w3.org/2001/XMLSchema-instance" xsi:noNamespaceSchemaLocation="https://maven.apache.org/surefire/maven-surefire-plugin/xsd/surefire-test-report-3.0.xsd" version="3.0" name="TestSuite" time="64.278" tests="11" errors="0" skipped="0" failures="0">
  <properties>
[...]
</properties>
  <testcase name="SetUrl" classname="Hackathon.CalculateTripCost" time="3.548">
    <system-err><![CDATA[1618801539089	geckodriver	INFO	Listening on 127.0.0.1:33952
1618801539756	mozrunner::runner	INFO	Running command: "C:\\Program Files\\Mozilla Firefox\\firefox.exe" "--marionette" "-foreground" "-no-remote" "-profile" "C:\\Users\\JAHNVI\\AppData\\Local\\Temp\\rust_mozprofileRqtKSp"
console.warn: SearchSettings: "get: No settings file exists, new profile?" (new Error("", "(unknown module)"))
1618801542672	Marionette	INFO	Listening on port 52622
1618801542992	Marionette	WARN	TLS certificate errors will be ignored for this session
Apr 19, 2021 8:35:43 AM org.openqa.selenium.remote.ProtocolHandshake createSession
INFO: Detected dialect: W3C
]]></system-err>
  </testcase>
  <testcase name="SearchDestination" classname="Hackathon.CalculateTripCost" time="6.35">
    <system-out><![CDATA[https://www.tripadvisor.in/Tourism-g294207-Nairobi-Vacations.html
Destination is: Nairobi

]]></system-out>
    <system-err><![CDATA[JavaScript error: https://tpc.googlesyndication.com/safeframe/1-0-38/html/container.html, line 51: TypeError: hiddenFrame.contentWindow is null
]]></system-err>
  </testcase>
  <testcase name="ClickHolidayHomesButton" classname="Hackathon.CalculateTripCost" time="1.579"/>
  <testcase name="SetDate" classname="Hackathon.CalculateTripCost" time="6.154">
    <system-out><![CDATA[Check-in Date is : Tue-Apr-20-2021 Check-out Date is: Sun-Apr-25-2021

]]></system-out>
    <system-err><![CDATA[1618801558823	Marionette	WARN	TimedPromise timed out after 500 ms: stacktrace:
TimedPromise/<@chrome://marionette/content/sync.js:231:19
TimedPromise@chrome://marionette/content/sync.js:216:10
interaction.flushEventLoop@chrome://marionette/content/interaction.js:433:10
webdriverClickElement@chrome://marionette/content/interaction.js:179:31
]]></system-err>
  </testcase>
  <testcase name="NoOfGuests" classname="Hackathon.CalculateTripCost" time="1.251">
    <system-out><![CDATA[Number of guests to book Holiday Homes is :  4

]]></system-out>
  </testcase>
  <testcase name="RatingSort" classname="Hackathon.CalculateTripCost" time="5.806"/>
  <testcase name="LiftAccess" classname="Hackathon.CalculateTripCost" time="2.041"/>
  <testcase name="HotelDetails" classname="Hackathon.CalculateTripCost" time="0.961">
    <system-out><![CDATA[Hotel Names are:----     
Elegant Cosy Conquest
City/River View Retreat in the Heart of Westlands
The PINE LUSH -3 BDR (ALL ENSUITE) APARTMENT!2 MIN to SARIT CENTRE
---------------------------------------------------------------------------------------------------------------
Total charges are:----     
₹ 8,542
₹ 6,150
₹ 12,984
---------------------------------------------------------------------------------------------------------------
Charges per night are:----     
₹ 42,711 / 5 nights
₹ 30,752 / 5 nights
₹ 64,920 / 5 nights
---------------------------------------------------------------------------------------------------------------
]]></system-out>
  </testcase>
  <testcase name="GetHotelScreenShots" classname="Hackathon.CalculateTripCost" time="17.147">
    <system-out><![CDATA[Size is :3
https://www.tripadvisor.in/VacationRentalReview-g294207-d19072853-Elegant_Cosy_Conquest-Nairobi.html
https://www.tripadvisor.in/VacationRentalReview-g294207-d15549338-City_River_View_Retreat_in_the_Heart_of_Westlands-Nairobi.html
https://www.tripadvisor.in/VacationRentalReview-g294207-d16636903-The_PINE_LUSH_3_BDR_ALL_ENSUITE_APARTMENT_2_MIN_to_SARIT_CENTRE-Nairobi.html
---------------------------------------------------------------------------------------------------------------
]]></system-out>
  </testcase>
  <testcase name="SetCruises" classname="Hackathon.CalculateTripCost" time="9.682">
    <system-out><![CDATA[Now switching to Cruise Section
CruiseLine chosen is: A-ROSA Cruises CruiseShip chosen is: Bella

]]></system-out>
    <system-err><![CDATA[JavaScript error: , line 0: TypeError: NetworkError when attempting to fetch resource.
]]></system-err>
  </testcase>
  <testcase name="GetCruiseDetails" classname="Hackathon.CalculateTripCost" time="1.908">
    <system-out><![CDATA[Passengers: 242   |   Crew: 50
Launched: 2002   

All languages
English


]]></system-out>
  </testcase>
</testsuite>